{"/Users/owenprendergast/alchemy/bootcamp-three/week1-repo/types.js": {"path":"/Users/owenprendergast/alchemy/bootcamp-three/week1-repo/types.js","statementMap":{"0":{"start":{"line":1,"column":17},"end":{"line":1,"column":47}},"1":{"start":{"line":1,"column":24},"end":{"line":1,"column":47}},"2":{"start":{"line":2,"column":17},"end":{"line":2,"column":47}},"3":{"start":{"line":2,"column":24},"end":{"line":2,"column":47}},"4":{"start":{"line":3,"column":18},"end":{"line":3,"column":51}},"5":{"start":{"line":3,"column":26},"end":{"line":3,"column":51}},"6":{"start":{"line":4,"column":16},"end":{"line":4,"column":50}},"7":{"start":{"line":4,"column":23},"end":{"line":4,"column":50}},"8":{"start":{"line":5,"column":17},"end":{"line":5,"column":81}},"9":{"start":{"line":5,"column":24},"end":{"line":5,"column":81}},"10":{"start":{"line":6,"column":19},"end":{"line":6,"column":53}},"11":{"start":{"line":6,"column":27},"end":{"line":6,"column":53}},"12":{"start":{"line":9,"column":21},"end":{"line":14,"column":1}},"13":{"start":{"line":10,"column":4},"end":{"line":10,"column":33}},"14":{"start":{"line":10,"column":22},"end":{"line":10,"column":33}},"15":{"start":{"line":11,"column":19},"end":{"line":11,"column":30}},"16":{"start":{"line":12,"column":4},"end":{"line":12,"column":55}},"17":{"start":{"line":12,"column":22},"end":{"line":12,"column":55}},"18":{"start":{"line":13,"column":4},"end":{"line":13,"column":18}},"19":{"start":{"line":16,"column":21},"end":{"line":23,"column":1}},"20":{"start":{"line":17,"column":4},"end":{"line":17,"column":33}},"21":{"start":{"line":17,"column":22},"end":{"line":17,"column":33}},"22":{"start":{"line":18,"column":4},"end":{"line":18,"column":47}},"23":{"start":{"line":18,"column":22},"end":{"line":18,"column":47}},"24":{"start":{"line":19,"column":4},"end":{"line":19,"column":46}},"25":{"start":{"line":19,"column":21},"end":{"line":19,"column":46}},"26":{"start":{"line":20,"column":25},"end":{"line":20,"column":36}},"27":{"start":{"line":21,"column":4},"end":{"line":21,"column":65}},"28":{"start":{"line":21,"column":32},"end":{"line":21,"column":65}},"29":{"start":{"line":22,"column":4},"end":{"line":22,"column":24}},"30":{"start":{"line":25,"column":22},"end":{"line":32,"column":1}},"31":{"start":{"line":26,"column":4},"end":{"line":26,"column":49}},"32":{"start":{"line":26,"column":23},"end":{"line":26,"column":49}},"33":{"start":{"line":27,"column":4},"end":{"line":27,"column":48}},"34":{"start":{"line":27,"column":22},"end":{"line":27,"column":48}},"35":{"start":{"line":28,"column":4},"end":{"line":28,"column":51}},"36":{"start":{"line":28,"column":25},"end":{"line":28,"column":51}},"37":{"start":{"line":29,"column":26},"end":{"line":29,"column":39}},"38":{"start":{"line":30,"column":4},"end":{"line":30,"column":43}},"39":{"start":{"line":30,"column":22},"end":{"line":30,"column":43}},"40":{"start":{"line":31,"column":4},"end":{"line":31,"column":44}},"41":{"start":{"line":31,"column":23},"end":{"line":31,"column":44}},"42":{"start":{"line":37,"column":21},"end":{"line":37,"column":30}},"43":{"start":{"line":38,"column":8},"end":{"line":38,"column":53}},"44":{"start":{"line":39,"column":8},"end":{"line":39,"column":25}},"45":{"start":{"line":40,"column":8},"end":{"line":40,"column":27}},"46":{"start":{"line":44,"column":16},"end":{"line":48,"column":1}},"47":{"start":{"line":50,"column":18},"end":{"line":52,"column":1}},"48":{"start":{"line":51,"column":4},"end":{"line":51,"column":38}},"49":{"start":{"line":54,"column":0},"end":{"line":65,"column":2}}},"fnMap":{"0":{"name":"(anonymous_0)","decl":{"start":{"line":1,"column":17},"end":{"line":1,"column":18}},"loc":{"start":{"line":1,"column":24},"end":{"line":1,"column":47}},"line":1},"1":{"name":"(anonymous_1)","decl":{"start":{"line":2,"column":17},"end":{"line":2,"column":18}},"loc":{"start":{"line":2,"column":24},"end":{"line":2,"column":47}},"line":2},"2":{"name":"(anonymous_2)","decl":{"start":{"line":3,"column":18},"end":{"line":3,"column":19}},"loc":{"start":{"line":3,"column":26},"end":{"line":3,"column":51}},"line":3},"3":{"name":"(anonymous_3)","decl":{"start":{"line":4,"column":16},"end":{"line":4,"column":17}},"loc":{"start":{"line":4,"column":23},"end":{"line":4,"column":50}},"line":4},"4":{"name":"(anonymous_4)","decl":{"start":{"line":5,"column":17},"end":{"line":5,"column":18}},"loc":{"start":{"line":5,"column":24},"end":{"line":5,"column":81}},"line":5},"5":{"name":"(anonymous_5)","decl":{"start":{"line":6,"column":19},"end":{"line":6,"column":20}},"loc":{"start":{"line":6,"column":27},"end":{"line":6,"column":53}},"line":6},"6":{"name":"(anonymous_6)","decl":{"start":{"line":9,"column":21},"end":{"line":9,"column":22}},"loc":{"start":{"line":9,"column":28},"end":{"line":14,"column":1}},"line":9},"7":{"name":"(anonymous_7)","decl":{"start":{"line":16,"column":21},"end":{"line":16,"column":22}},"loc":{"start":{"line":16,"column":28},"end":{"line":23,"column":1}},"line":16},"8":{"name":"(anonymous_8)","decl":{"start":{"line":25,"column":22},"end":{"line":25,"column":23}},"loc":{"start":{"line":25,"column":30},"end":{"line":32,"column":1}},"line":25},"9":{"name":"(anonymous_9)","decl":{"start":{"line":36,"column":4},"end":{"line":36,"column":5}},"loc":{"start":{"line":36,"column":29},"end":{"line":41,"column":5}},"line":36},"10":{"name":"(anonymous_10)","decl":{"start":{"line":50,"column":18},"end":{"line":50,"column":19}},"loc":{"start":{"line":50,"column":26},"end":{"line":52,"column":1}},"line":50}},"branchMap":{"0":{"loc":{"start":{"line":10,"column":4},"end":{"line":10,"column":33}},"type":"if","locations":[{"start":{"line":10,"column":4},"end":{"line":10,"column":33}},{"start":{"line":10,"column":4},"end":{"line":10,"column":33}}],"line":10},"1":{"loc":{"start":{"line":12,"column":4},"end":{"line":12,"column":55}},"type":"if","locations":[{"start":{"line":12,"column":4},"end":{"line":12,"column":55}},{"start":{"line":12,"column":4},"end":{"line":12,"column":55}}],"line":12},"2":{"loc":{"start":{"line":17,"column":4},"end":{"line":17,"column":33}},"type":"if","locations":[{"start":{"line":17,"column":4},"end":{"line":17,"column":33}},{"start":{"line":17,"column":4},"end":{"line":17,"column":33}}],"line":17},"3":{"loc":{"start":{"line":18,"column":4},"end":{"line":18,"column":47}},"type":"if","locations":[{"start":{"line":18,"column":4},"end":{"line":18,"column":47}},{"start":{"line":18,"column":4},"end":{"line":18,"column":47}}],"line":18},"4":{"loc":{"start":{"line":19,"column":4},"end":{"line":19,"column":46}},"type":"if","locations":[{"start":{"line":19,"column":4},"end":{"line":19,"column":46}},{"start":{"line":19,"column":4},"end":{"line":19,"column":46}}],"line":19},"5":{"loc":{"start":{"line":21,"column":4},"end":{"line":21,"column":65}},"type":"if","locations":[{"start":{"line":21,"column":4},"end":{"line":21,"column":65}},{"start":{"line":21,"column":4},"end":{"line":21,"column":65}}],"line":21},"6":{"loc":{"start":{"line":26,"column":4},"end":{"line":26,"column":49}},"type":"if","locations":[{"start":{"line":26,"column":4},"end":{"line":26,"column":49}},{"start":{"line":26,"column":4},"end":{"line":26,"column":49}}],"line":26},"7":{"loc":{"start":{"line":27,"column":4},"end":{"line":27,"column":48}},"type":"if","locations":[{"start":{"line":27,"column":4},"end":{"line":27,"column":48}},{"start":{"line":27,"column":4},"end":{"line":27,"column":48}}],"line":27},"8":{"loc":{"start":{"line":28,"column":4},"end":{"line":28,"column":51}},"type":"if","locations":[{"start":{"line":28,"column":4},"end":{"line":28,"column":51}},{"start":{"line":28,"column":4},"end":{"line":28,"column":51}}],"line":28},"9":{"loc":{"start":{"line":30,"column":4},"end":{"line":30,"column":43}},"type":"if","locations":[{"start":{"line":30,"column":4},"end":{"line":30,"column":43}},{"start":{"line":30,"column":4},"end":{"line":30,"column":43}}],"line":30},"10":{"loc":{"start":{"line":31,"column":4},"end":{"line":31,"column":44}},"type":"if","locations":[{"start":{"line":31,"column":4},"end":{"line":31,"column":44}},{"start":{"line":31,"column":4},"end":{"line":31,"column":44}}],"line":31},"11":{"loc":{"start":{"line":51,"column":11},"end":{"line":51,"column":37}},"type":"binary-expr","locations":[{"start":{"line":51,"column":11},"end":{"line":51,"column":29}},{"start":{"line":51,"column":33},"end":{"line":51,"column":37}}],"line":51}},"s":{"0":1,"1":12,"2":1,"3":6,"4":1,"5":6,"6":1,"7":6,"8":1,"9":7,"10":1,"11":0,"12":1,"13":6,"14":1,"15":5,"16":5,"17":2,"18":3,"19":1,"20":0,"21":0,"22":0,"23":0,"24":0,"25":0,"26":0,"27":0,"28":0,"29":0,"30":1,"31":0,"32":0,"33":0,"34":0,"35":0,"36":0,"37":0,"38":0,"39":0,"40":0,"41":0,"42":2,"43":2,"44":2,"45":2,"46":1,"47":1,"48":2,"49":1},"f":{"0":12,"1":6,"2":6,"3":6,"4":7,"5":0,"6":6,"7":0,"8":0,"9":2,"10":2},"b":{"0":[1,5],"1":[2,3],"2":[0,0],"3":[0,0],"4":[0,0],"5":[0,0],"6":[0,0],"7":[0,0],"8":[0,0],"9":[0,0],"10":[0,0],"11":[2,1]},"_coverageSchema":"1a1c01bbd47fc00a2c39e90264f33305004495a9","hash":"9f35cfe2d47cd0e302bff147723d6eab45f21342"}
}
