TN:
SF:types.js
FN:1,(anonymous_0)
FN:2,(anonymous_1)
FN:3,(anonymous_2)
FN:4,(anonymous_3)
FN:5,(anonymous_4)
FN:6,(anonymous_5)
FN:9,(anonymous_6)
FN:16,(anonymous_7)
FN:25,(anonymous_8)
FN:36,(anonymous_9)
FN:50,(anonymous_10)
FNF:11
FNH:8
FNDA:12,(anonymous_0)
FNDA:6,(anonymous_1)
FNDA:6,(anonymous_2)
FNDA:6,(anonymous_3)
FNDA:7,(anonymous_4)
FNDA:0,(anonymous_5)
FNDA:6,(anonymous_6)
FNDA:0,(anonymous_7)
FNDA:0,(anonymous_8)
FNDA:2,(anonymous_9)
FNDA:2,(anonymous_10)
DA:1,12
DA:2,6
DA:3,6
DA:4,6
DA:5,7
DA:6,1
DA:9,1
DA:10,6
DA:11,5
DA:12,5
DA:13,3
DA:16,1
DA:17,0
DA:18,0
DA:19,0
DA:20,0
DA:21,0
DA:22,0
DA:25,1
DA:26,0
DA:27,0
DA:28,0
DA:29,0
DA:30,0
DA:31,0
DA:37,2
DA:38,2
DA:39,2
DA:40,2
DA:44,1
DA:50,1
DA:51,2
DA:54,1
LF:33
LH:21
BRDA:10,0,0,1
BRDA:10,0,1,5
BRDA:12,1,0,2
BRDA:12,1,1,3
BRDA:17,2,0,0
BRDA:17,2,1,0
BRDA:18,3,0,0
BRDA:18,3,1,0
BRDA:19,4,0,0
BRDA:19,4,1,0
BRDA:21,5,0,0
BRDA:21,5,1,0
BRDA:26,6,0,0
BRDA:26,6,1,0
BRDA:27,7,0,0
BRDA:27,7,1,0
BRDA:28,8,0,0
BRDA:28,8,1,0
BRDA:30,9,0,0
BRDA:30,9,1,0
BRDA:31,10,0,0
BRDA:31,10,1,0
BRDA:51,11,0,2
BRDA:51,11,1,1
BRF:24
BRH:6
end_of_record
